\BOOKMARK [0][-]{chapter*.4}{Wprowadzenie}{}% 1
\BOOKMARK [0][-]{chapter.1}{Wprowadzenie\040do\040gier\040wideo}{}% 2
\BOOKMARK [1][-]{section.1.1}{Cechy\040gier\040wideo}{chapter.1}% 3
\BOOKMARK [1][-]{section.1.2}{Gry\040wideo\040dzisiaj}{chapter.1}% 4
\BOOKMARK [1][-]{section.1.3}{Gry\040wideo\040jutro}{chapter.1}% 5
\BOOKMARK [1][-]{section.1.4}{Silniki do tworzenia gier i ich możliwości}{chapter.1}% 6
\BOOKMARK [0][-]{chapter.2}{Dobór narzędzi}{}% 7
\BOOKMARK [1][-]{section.2.1}{Założenia i wymogi}{chapter.2}% 8
\BOOKMARK [1][-]{section.2.2}{Silnik i język}{chapter.2}% 9
\BOOKMARK [1][-]{section.2.3}{Grafika i dźwięk}{chapter.2}% 10
\BOOKMARK [0][-]{chapter.3}{Implementacja}{}% 11
\BOOKMARK [1][-]{section.3.1}{Scenariusz}{chapter.3}% 12
\BOOKMARK [1][-]{section.3.2}{Wykorzystanie\040sztucznej\040inteligencji}{chapter.3}% 13
\BOOKMARK [1][-]{section.3.3}{Rankingi\040Echo}{chapter.3}% 14
\BOOKMARK [1][-]{section.3.4}{Sterowanie\040i\040menu}{chapter.3}% 15
\BOOKMARK [0][-]{chapter*.7}{Zakończenie}{}% 16
\BOOKMARK [0][-]{appendix.A}{Gra\040,,Fighty''}{}% 17
\BOOKMARK [0][-]{appendix*.10}{Spis\040tabel}{}% 18
\BOOKMARK [0][-]{appendix*.11}{Spis rysunków}{}% 19
\BOOKMARK [0][-]{appendix*.12}{Oświadczenie}{}% 20
